<?xml version="1.0" encoding="UTF-8"?>
<!-- Generated by org.testng.reporters.JUnitReportReporter -->
<testsuite hostname="DESKTOP-BFFO4UP" failures="0" tests="1" name="mvnId.OrangeClass" time="23.002" errors="0" timestamp="2023-07-24T16:46:18 IST" skipped="0">
  <testcase classname="mvnId.OrangeClass" name="logInHRM" time="23.002"/>
</testsuite> <!-- mvnId.OrangeClass -->
